<?xml version="1.0" encoding="UTF-8"?>
<!-- Generated by org.testng.reporters.JUnitReportReporter -->
<testsuite hostname="PSP" failures="0" tests="1" name="org.test.groww.TempTest" time="6.831" errors="0" timestamp="2021-07-02T00:16:04 IST" skipped="0">
  <testcase classname="org.test.groww.TempTest" name="verifyStocksInNews" time="6.831"/>
  <system-out/>
</testsuite> <!-- org.test.groww.TempTest -->
