<?xml version="1.0" encoding="UTF-8"?>
<!-- Generated by org.testng.reporters.JUnitReportReporter -->
<testsuite hostname="PSP" failures="0" tests="6" name="org.test.groww.TestLoginPageContent" time="17.976" errors="0" timestamp="2021-07-10T00:16:29 IST" skipped="0">
  <testcase classname="org.test.groww.TestLoginPageContent" name="verifygetStartedButton" time="1.564"/>
  <system-out/>
  <testcase classname="org.test.groww.TestLoginPageContent" name="verifygetStartedButton" time="3.731"/>
  <system-out/>
  <testcase classname="org.test.groww.TestLoginPageContent" name="verifyLoginButton" time="1.392"/>
  <system-out/>
  <testcase classname="org.test.groww.TestLoginPageContent" name="verifyLoginButton" time="5.829"/>
  <system-out/>
  <testcase classname="org.test.groww.TestLoginPageContent" name="verifyLoginFunctionality" time="2.418"/>
  <system-out/>
  <testcase classname="org.test.groww.TestLoginPageContent" name="verifyLoginFunctionality" time="3.042"/>
  <system-out/>
</testsuite> <!-- org.test.groww.TestLoginPageContent -->
