<?xml version="1.0" encoding="UTF-8"?>
<!-- Generated by org.testng.reporters.JUnitReportReporter -->
<testsuite hostname="PSP" failures="0" tests="3" name="org.test.groww.TestHomePageContent" time="21.241" errors="0" timestamp="2021-07-03T15:42:46 IST" skipped="0">
  <testcase classname="org.test.groww.TestHomePageContent" name="verifyStocksInNews" time="13.801"/>
  <system-out/>
  <testcase classname="org.test.groww.TestHomePageContent" name="verifyTopGainers" time="3.725"/>
  <system-out/>
  <testcase classname="org.test.groww.TestHomePageContent" name="verifyTopLosers" time="3.715"/>
  <system-out/>
</testsuite> <!-- org.test.groww.TestHomePageContent -->
