<?xml version="1.0" encoding="UTF-8"?>
<!-- Generated by org.testng.reporters.JUnitReportReporter -->
<testsuite hostname="PSP" failures="0" tests="3" name="org.test.groww.TestLoginPage" time="17.670" errors="0" timestamp="2021-07-14T16:55:44 IST" skipped="0">
  <testcase classname="org.test.groww.TestLoginPage" name="verifygetStartedButton" time="2.508"/>
  <system-out/>
  <testcase classname="org.test.groww.TestLoginPage" name="verifyLoginButton" time="4.412"/>
  <system-out/>
  <testcase classname="org.test.groww.TestLoginPage" name="verifyLoginFunctionality" time="10.750"/>
  <system-out/>
</testsuite> <!-- org.test.groww.TestLoginPage -->
